[    0.000000] Initializing cgroup subsys cpuset
[    0.000000] Initializing cgroup subsys cpu
[    0.000000] Initializing cgroup subsys cpuacct
[    0.000000] Linux version 4.4.0-72-generic (buildd@lcy01-17) (gcc version 5.4.0 20160609 (Ubuntu 5.4.0-6ubuntu1~16.04.4) ) #93-Ubuntu SMP Fri Mar 31 14:07:41 UTC 2017 (Ubuntu 4.4.0-72.93-generic 4.4.49)
[    0.000000] Command line: BOOT_IMAGE=/boot/vmlinuz-4.4.0-72-generic root=LABEL=cloudimg-rootfs ro console=tty1 console=ttyS0
[    0.000000] KERNEL supported cpus:
[    0.000000]   Intel GenuineIntel
[    0.000000]   AMD AuthenticAMD
[    0.000000]   Centaur CentaurHauls
[    0.000000] x86/fpu: xstate_offset[2]:  576, xstate_sizes[2]:  256
[    0.000000] x86/fpu: Supporting XSAVE feature 0x01: 'x87 floating point registers'
[    0.000000] x86/fpu: Supporting XSAVE feature 0x02: 'SSE registers'
[    0.000000] x86/fpu: Supporting XSAVE feature 0x04: 'AVX registers'
[    0.000000] x86/fpu: Enabled xstate features 0x7, context size is 832 bytes, using 'standard' format.
[    0.000000] x86/fpu: Using 'lazy' FPU context switches.
[    0.000000] e820: BIOS-provided physical RAM map:
[    0.000000] BIOS-e820: [mem 0x0000000000000000-0x000000000009fbff] usable
[    0.000000] BIOS-e820: [mem 0x000000000009fc00-0x000000000009ffff] reserved
[    0.000000] BIOS-e820: [mem 0x00000000000f0000-0x00000000000fffff] reserved
[    0.000000] BIOS-e820: [mem 0x0000000000100000-0x00000000807effff] usable
[    0.000000] BIOS-e820: [mem 0x00000000807f0000-0x00000000807fffff] ACPI data
[    0.000000] BIOS-e820: [mem 0x00000000fec00000-0x00000000fec00fff] reserved
[    0.000000] BIOS-e820: [mem 0x00000000fee00000-0x00000000fee00fff] reserved
[    0.000000] BIOS-e820: [mem 0x00000000fffc0000-0x00000000ffffffff] reserved
[    0.000000] NX (Execute Disable) protection: active
[    0.000000] SMBIOS 2.5 present.
[    0.000000] Hypervisor detected: KVM
[    0.000000] e820: last_pfn = 0x807f0 max_arch_pfn = 0x400000000
[    0.000000] MTRR: Disabled
[    0.000000] x86/PAT: MTRRs disabled, skipping PAT initialization too.
[    0.000000] x86/PAT: Configuration [0-7]: WB  WT  UC- UC  WB  WT  UC- UC  
[    0.000000] CPU MTRRs all blank - virtualized system.
[    0.000000] found SMP MP-table at [mem 0x0009fff0-0x0009ffff] mapped at [ffff88000009fff0]
[    0.000000] Scanning 1 areas for low memory corruption
[    0.000000] RAMDISK: [mem 0x36af8000-0x37573fff]
[    0.000000] ACPI: Early table checksum verification disabled
[    0.000000] ACPI: RSDP 0x00000000000E0000 000024 (v02 VBOX  )
[    0.000000] ACPI: XSDT 0x00000000807F0030 00003C (v01 VBOX   VBOXXSDT 00000001 ASL  00000061)
[    0.000000] ACPI: FACP 0x00000000807F00F0 0000F4 (v04 VBOX   VBOXFACP 00000001 ASL  00000061)
[    0.000000] ACPI: DSDT 0x00000000807F0480 0021C8 (v02 VBOX   VBOXBIOS 00000002 INTL 20100528)
[    0.000000] ACPI: FACS 0x00000000807F0200 000040
[    0.000000] ACPI: FACS 0x00000000807F0200 000040
[    0.000000] ACPI: APIC 0x00000000807F0240 000064 (v02 VBOX   VBOXAPIC 00000001 ASL  00000061)
[    0.000000] ACPI: SSDT 0x00000000807F02B0 0001CC (v01 VBOX   VBOXCPUT 00000002 INTL 20100528)
[    0.000000] No NUMA configuration found
[    0.000000] Faking a node at [mem 0x0000000000000000-0x00000000807effff]
[    0.000000] NODE_DATA(0) allocated [mem 0x807eb000-0x807effff]
[    0.000000] kvm-clock: Using msrs 4b564d01 and 4b564d00
[    0.000000] kvm-clock: cpu 0, msr 0:807e3001, primary cpu clock
[    0.000000] kvm-clock: using sched offset of 3186378868 cycles
[    0.000000] clocksource: kvm-clock: mask: 0xffffffffffffffff max_cycles: 0x1cd42e4dffb, max_idle_ns: 881590591483 ns
[    0.000000] Zone ranges:
[    0.000000]   DMA      [mem 0x0000000000001000-0x0000000000ffffff]
[    0.000000]   DMA32    [mem 0x0000000001000000-0x00000000807effff]
[    0.000000]   Normal   empty
[    0.000000]   Device   empty
[    0.000000] Movable zone start for each node
[    0.000000] Early memory node ranges
[    0.000000]   node   0: [mem 0x0000000000001000-0x000000000009efff]
[    0.000000]   node   0: [mem 0x0000000000100000-0x00000000807effff]
[    0.000000] Initmem setup node 0 [mem 0x0000000000001000-0x00000000807effff]
[    0.000000] ACPI: PM-Timer IO Port: 0x4008
[    0.000000] IOAPIC[0]: apic_id 3, version 32, address 0xfec00000, GSI 0-23
[    0.000000] ACPI: INT_SRC_OVR (bus 0 bus_irq 0 global_irq 2 dfl dfl)
[    0.000000] ACPI: INT_SRC_OVR (bus 0 bus_irq 9 global_irq 9 high level)
[    0.000000] Using ACPI (MADT) for SMP configuration information
[    0.000000] smpboot: Allowing 3 CPUs, 0 hotplug CPUs
[    0.000000] PM: Registered nosave memory: [mem 0x00000000-0x00000fff]
[    0.000000] PM: Registered nosave memory: [mem 0x0009f000-0x0009ffff]
[    0.000000] PM: Registered nosave memory: [mem 0x000a0000-0x000effff]
[    0.000000] PM: Registered nosave memory: [mem 0x000f0000-0x000fffff]
[    0.000000] e820: [mem 0x80800000-0xfebfffff] available for PCI devices
[    0.000000] Booting paravirtualized kernel on KVM
[    0.000000] clocksource: refined-jiffies: mask: 0xffffffff max_cycles: 0xffffffff, max_idle_ns: 7645519600211568 ns
[    0.000000] setup_percpu: NR_CPUS:512 nr_cpumask_bits:512 nr_cpu_ids:3 nr_node_ids:1
[    0.000000] PERCPU: Embedded 33 pages/cpu @ffff880080400000 s98264 r8192 d28712 u524288
[    0.000000] PV qspinlock hash table entries: 256 (order: 0, 4096 bytes)
[    0.000000] Built 1 zonelists in Node order, mobility grouping on.  Total pages: 517977
[    0.000000] Policy zone: DMA32
[    0.000000] Kernel command line: BOOT_IMAGE=/boot/vmlinuz-4.4.0-72-generic root=LABEL=cloudimg-rootfs ro console=tty1 console=ttyS0
[    0.000000] PID hash table entries: 4096 (order: 3, 32768 bytes)
[    0.000000] Memory: 2040048K/2104888K available (8452K kernel code, 1293K rwdata, 3976K rodata, 1484K init, 1316K bss, 64840K reserved, 0K cma-reserved)
[    0.000000] SLUB: HWalign=64, Order=0-3, MinObjects=0, CPUs=3, Nodes=1
[    0.000000] Hierarchical RCU implementation.
[    0.000000] 	Build-time adjustment of leaf fanout to 64.
[    0.000000] 	RCU restricting CPUs from NR_CPUS=512 to nr_cpu_ids=3.
[    0.000000] RCU: Adjusting geometry for rcu_fanout_leaf=64, nr_cpu_ids=3
[    0.000000] NR_IRQS:33024 nr_irqs:448 16
[    0.000000] Console: colour VGA+ 80x25
[    0.000000] console [tty1] enabled
[    0.000000] console [ttyS0] enabled
[    0.000000] tsc: Detected 2992.786 MHz processor
[    1.365876] Calibrating delay loop (skipped) preset value.. 5985.57 BogoMIPS (lpj=11971144)
[    1.367402] pid_max: default: 32768 minimum: 301
[    1.368224] ACPI: Core revision 20150930
[    1.369990] ACPI: 2 ACPI AML tables successfully acquired and loaded
[    1.371176] Security Framework initialized
[    1.371932] Yama: becoming mindful.
[    1.372624] AppArmor: AppArmor initialized
[    1.374118] Dentry cache hash table entries: 262144 (order: 9, 2097152 bytes)
[    1.375566] Inode-cache hash table entries: 131072 (order: 8, 1048576 bytes)
[    1.376829] Mount-cache hash table entries: 4096 (order: 3, 32768 bytes)
[    1.377954] Mountpoint-cache hash table entries: 4096 (order: 3, 32768 bytes)
[    1.379785] Initializing cgroup subsys io
[    1.380533] Initializing cgroup subsys memory
[    1.381353] Initializing cgroup subsys devices
[    1.382159] Initializing cgroup subsys freezer
[    1.382957] Initializing cgroup subsys net_cls
[    1.383757] Initializing cgroup subsys perf_event
[    1.384583] Initializing cgroup subsys net_prio
[    1.385413] Initializing cgroup subsys hugetlb
[    1.386217] Initializing cgroup subsys pids
[    1.387071] CPU: Physical Processor ID: 0
[    1.387834] CPU: Processor Core ID: 0
[    1.388549] mce: CPU supports 0 MCE banks
[    1.389327] Last level iTLB entries: 4KB 512, 2MB 8, 4MB 8
[    1.390248] Last level dTLB entries: 4KB 512, 2MB 32, 4MB 32, 1GB 0
[    1.393362] Freeing SMP alternatives memory: 32K (ffffffff820b8000 - ffffffff820c0000)
[    1.403540] ftrace: allocating 32111 entries in 126 pages
[    1.452055] smpboot: APIC(0) Converting physical 0 to logical package 0
[    1.454236] smpboot: Max logical packages: 1
[    1.456364] x2apic enabled
[    1.457202] Switched APIC routing to physical x2apic.
[    1.459234] ..TIMER: vector=0x30 apic1=0 pin1=2 apic2=-1 pin2=-1
[    1.564809] smpboot: CPU0: Intel(R) Xeon(R) CPU E5-1607 0 @ 3.00GHz (family: 0x6, model: 0x2d, stepping: 0x7)
[    1.844593] Performance Events: unsupported p6 CPU model 45 no PMU driver, software events only.
[    2.091860] KVM setup paravirtual spinlock
[    2.214801] x86: Booting SMP configuration:
[    2.302812] .... node  #0, CPUs:      #1
[    2.382842] kvm-clock: cpu 1, msr 0:807e3041, secondary cpu clock
[    2.557460] mce: CPU supports 0 MCE banks
[    2.675202]  #2
[    2.719349] kvm-clock: cpu 2, msr 0:807e3081, secondary cpu clock
[    2.931261] mce: CPU supports 0 MCE banks
[    3.066500] x86: Booted up 1 node, 3 CPUs
[    3.183590] smpboot: Total of 3 processors activated (17956.71 BogoMIPS)
[    3.345357] devtmpfs: initialized
[    3.355526] evm: security.selinux
[    3.377169] evm: security.SMACK64
[    3.377827] evm: security.SMACK64EXEC
[    3.378518] evm: security.SMACK64TRANSMUTE
[    3.379286] evm: security.SMACK64MMAP
[    3.379983] evm: security.ima
[    3.380593] evm: security.capability
[    3.381504] clocksource: jiffies: mask: 0xffffffff max_cycles: 0xffffffff, max_idle_ns: 7645041785100000 ns
[    3.665862] pinctrl core: initialized pinctrl subsystem
[    3.815555] RTC time: 18:31:41, date: 04/13/17
[    3.935114] NET: Registered protocol family 16
[    4.077143] cpuidle: using governor ladder
[    4.209199] cpuidle: using governor menu
[    4.325072] PCCT header not found.
[    4.404389] ACPI: bus type PCI registered
[    4.444080] acpiphp: ACPI Hot Plug PCI Controller Driver version: 0.5
[    4.569400] PCI: Using configuration type 1 for base access
[    4.746350] ACPI: Added _OSI(Module Device)
[    4.863317] ACPI: Added _OSI(Processor Device)
[    4.996211] ACPI: Added _OSI(3.0 _SCP Extensions)
[    5.133083] ACPI: Added _OSI(Processor Aggregator Device)
[    5.293230] ACPI: Executed 1 blocks of module-level executable AML code
[    5.468238] ACPI: Interpreter enabled
[    5.526340] ACPI: (supports S0 S5)
[    5.623579] ACPI: Using IOAPIC for interrupt routing
[    5.771182] PCI: Using host bridge windows from ACPI; if necessary, use "pci=nocrs" and report a bug
[    6.048433] ACPI: PCI Root Bridge [PCI0] (domain 0000 [bus 00-ff])
[    6.232675] acpi PNP0A03:00: _OSC: OS supports [ASPM ClockPM Segments MSI]
[    6.437968] acpi PNP0A03:00: _OSC failed (AE_NOT_FOUND); disabling ASPM
[    6.541452] acpi PNP0A03:00: fail to add MMCONFIG information, can't access extended PCI configuration space under this bridge.
[    6.543590] PCI host bridge to bus 0000:00
[    6.545439] pci_bus 0000:00: root bus resource [io  0x0000-0x0cf7 window]
[    6.546507] pci_bus 0000:00: root bus resource [io  0x0d00-0xffff window]
[    6.608191] pci_bus 0000:00: root bus resource [mem 0x000a0000-0x000bffff window]
[    6.622130] pci_bus 0000:00: root bus resource [mem 0x80800000-0xffdfffff window]
[    6.623486] pci_bus 0000:00: root bus resource [bus 00-ff]
[    6.626969] pci 0000:00:01.1: legacy IDE quirk: reg 0x10: [io  0x01f0-0x01f7]
[    6.628072] pci 0000:00:01.1: legacy IDE quirk: reg 0x14: [io  0x03f6]
[    6.629118] pci 0000:00:01.1: legacy IDE quirk: reg 0x18: [io  0x0170-0x0177]
[    6.630225] pci 0000:00:01.1: legacy IDE quirk: reg 0x1c: [io  0x0376]
[    6.653448] pci 0000:00:07.0: quirk: [io  0x4000-0x403f] claimed by PIIX4 ACPI
[    6.869384] pci 0000:00:07.0: quirk: [io  0x4100-0x410f] claimed by PIIX4 SMB
[    7.087939] ACPI: PCI Interrupt Link [LNKA] (IRQs 5 9 10 *11)
[    7.235430] ACPI: PCI Interrupt Link [LNKB] (IRQs 5 9 10 *11)
[    7.393850] ACPI: PCI Interrupt Link [LNKC] (IRQs 5 9 *10 11)
[    7.541277] ACPI: PCI Interrupt Link [LNKD] (IRQs 5 *9 10 11)
[    7.641317] ACPI: Enabled 2 GPEs in block 00 to 07
[    7.642619] vgaarb: setting as boot device: PCI:0000:00:02.0
[    7.645675] vgaarb: device added: PCI:0000:00:02.0,decodes=io+mem,owns=io+mem,locks=none
[    7.647154] vgaarb: loaded
[    7.655087] vgaarb: bridge control possible 0000:00:02.0
[    7.814845] SCSI subsystem initialized
[    7.921724] ACPI: bus type USB registered
[    8.037629] usbcore: registered new interface driver usbfs
[    8.201915] usbcore: registered new interface driver hub
[    8.359831] usbcore: registered new device driver usb
[    8.507594] PCI: Using ACPI for IRQ routing
[    8.630501] NetLabel: Initializing
[    8.699429] NetLabel:  domain hash size = 128
[    8.797339] NetLabel:  protocols = UNLABELED CIPSOv4
[    8.825973] NetLabel:  unlabeled traffic allowed by default
[    8.827111] amd_nb: Cannot enumerate AMD northbridges
[    8.829729] clocksource: Switched to clocksource kvm-clock
[    8.837815] AppArmor: AppArmor Filesystem Enabled
[    8.972566] pnp: PnP ACPI init
[    9.066565] pnp: PnP ACPI: found 3 devices
[    9.198027] clocksource: acpi_pm: mask: 0xffffff max_cycles: 0xffffff, max_idle_ns: 2085701024 ns
[    9.202438] NET: Registered protocol family 2
[    9.203436] TCP established hash table entries: 16384 (order: 5, 131072 bytes)
[    9.204785] TCP bind hash table entries: 16384 (order: 6, 262144 bytes)
[    9.205869] TCP: Hash tables configured (established 16384 bind 16384)
[    9.206976] UDP hash table entries: 1024 (order: 3, 32768 bytes)
[    9.207967] UDP-Lite hash table entries: 1024 (order: 3, 32768 bytes)
[    9.209041] NET: Registered protocol family 1
[    9.209850] pci 0000:00:00.0: Limiting direct PCI/PCI transfers
[    9.210830] pci 0000:00:01.0: Activating ISA DMA hang workarounds
[    9.212430] Unpacking initramfs...
[   10.994299] Freeing initrd memory: 10736K (ffff880036af8000 - ffff880037574000)
[   11.198676] RAPL PMU detected, API unit is 2^-32 Joules, 3 fixed counters 10737418240 ms ovfl timer
[   11.468637] hw unit of domain pp0-core 2^-0 Joules
[   11.611926] hw unit of domain package 2^-0 Joules
[   11.748872] hw unit of domain dram 2^-0 Joules
[   11.881862] platform rtc_cmos: registered platform RTC device (no PNP device found)
[   11.918750] Scanning for low memory corruption every 60 seconds
[   11.920255] futex hash table entries: 1024 (order: 4, 65536 bytes)
[   11.938165] audit: initializing netlink subsys (disabled)
[   11.939110] audit: type=2000 audit(1492108306.380:1): initialized
[   11.940406] Initialise system trusted keyring
[   11.941459] HugeTLB registered 2 MB page size, pre-allocated 0 pages
[   11.943913] zbud: loaded
[   11.944758] VFS: Disk quotas dquot_6.6.0
[   11.945536] VFS: Dquot-cache hash table entries: 512 (order 0, 4096 bytes)
[   11.946939] squashfs: version 4.0 (2009/01/31) Phillip Lougher
[   11.948323] fuse init (API version 7.23)
[   11.949277] Key type big_key registered
[   11.950028] Allocating IMA MOK and blacklist keyrings.
[   11.952316] Key type asymmetric registered
[   12.079087] Asymmetric key parser 'x509' registered
[   12.079987] Block layer SCSI generic (bsg) driver version 0.4 loaded (major 249)
[   12.081450] io scheduler noop registered
[   12.082201] io scheduler deadline registered (default)
[   12.083152] io scheduler cfq registered
[   12.083985] pci_hotplug: PCI Hot Plug PCI Core version: 0.5
[   12.084930] pciehp: PCI Express Hot Plug Controller Driver version: 0.4
[   12.086158] ACPI: AC Adapter [AC] (on-line)
[   12.086995] input: Power Button as /devices/LNXSYSTM:00/LNXPWRBN:00/input/input0
[   12.088373] ACPI: Power Button [PWRF]
[   12.089139] input: Sleep Button as /devices/LNXSYSTM:00/LNXSLPBN:00/input/input1
[   12.090524] ACPI: Sleep Button [SLPF]
[   12.091499] GHES: HEST is not enabled!
[   12.092386] Serial: 8250/16550 driver, 32 ports, IRQ sharing enabled
[   12.115257] 00:02: ttyS0 at I/O 0x3f8 (irq = 4, base_baud = 115200) is a 16550A
[   12.314722] Linux agpgart interface v0.103
[   12.360520] loop: module loaded
[   12.361908] scsi host0: ata_piix
[   12.362807] scsi host1: ata_piix
[   12.452458] ata1: PATA max UDMA/33 cmd 0x1f0 ctl 0x3f6 bmdma 0xd000 irq 14
[   12.658791] ata2: PATA max UDMA/33 cmd 0x170 ctl 0x376 bmdma 0xd008 irq 15
[   12.865787] libphy: Fixed MDIO Bus: probed
[   12.881788] tsc: Refined TSC clocksource calibration: 2992.359 MHz
[   12.881790] clocksource: tsc: mask: 0xffffffffffffffff max_cycles: 0x2b221301ade, max_idle_ns: 440795275342 ns
[   13.450479] tun: Universal TUN/TAP device driver, 1.6
[   13.599061] tun: (C) 1999-2004 Max Krasnyansky <maxk@qualcomm.com>
[   13.785906] PPP generic driver version 2.4.2
[   13.913739] ehci_hcd: USB 2.0 'Enhanced' Host Controller (EHCI) Driver
[   14.004332] ehci-pci: EHCI PCI platform driver
[   14.096247] ehci-platform: EHCI generic platform driver
[   14.249029] ohci_hcd: USB 1.1 'Open' Host Controller (OHCI) Driver
[   14.434301] ohci-pci: OHCI PCI platform driver
[   14.565979] ohci-platform: OHCI generic platform driver
[   14.718742] uhci_hcd: USB Universal Host Controller Interface driver
[   14.911325] i8042: PNP: PS/2 Controller [PNP0303:PS2K,PNP0f03:PS2M] at 0x60,0x64 irq 1,12
[   15.070389] serio: i8042 KBD port at 0x60,0x64 irq 1
[   15.118931] serio: i8042 AUX port at 0x60,0x64 irq 12
[   15.121025] mousedev: PS/2 mouse device common for all mice
[   15.122513] input: AT Translated Set 2 keyboard as /devices/platform/i8042/serio0/input/input2
[   15.124182] rtc_cmos rtc_cmos: rtc core: registered rtc_cmos as rtc0
[   15.125261] rtc_cmos rtc_cmos: alarms up to one day, 114 bytes nvram
[   15.126317] i2c /dev entries driver
[   15.128142] device-mapper: uevent: version 1.0.3
[   15.129032] device-mapper: ioctl: 4.34.0-ioctl (2015-10-28) initialised: dm-devel@redhat.com
[   15.130558] ledtrig-cpu: registered to indicate activity on CPUs
[   15.132084] NET: Registered protocol family 10
[   15.133099] NET: Registered protocol family 17
[   15.133930] Key type dns_resolver registered
[   15.134895] microcode: CPU0 sig=0x206d7, pf=0x4, revision=0x616
[   15.135883] microcode: CPU1 sig=0x206d7, pf=0x4, revision=0x616
[   15.136916] microcode: CPU2 sig=0x206d7, pf=0x4, revision=0x616
[   15.137970] microcode: Microcode Update Driver: v2.01 <tigran@aivazian.fsnet.co.uk>, Peter Oruba
[   15.139652] registered taskstats version 1
[   15.140423] Loading compiled-in X.509 certificates
[   15.142062] Loaded X.509 cert 'Build time autogenerated kernel key: 04ae903e4643330d1fe41947e79c28b436494994'
[   15.143749] zswap: loaded using pool lzo/zbud
[   15.146550] Key type trusted registered
[   15.150734] Key type encrypted registered
[   15.151483] AppArmor: AppArmor sha1 policy hashing enabled
[   15.152412] ima: No TPM chip found, activating TPM-bypass!
[   15.153359] evm: HMAC attrs: 0x1
[   15.154321]   Magic number: 13:351:544
[   15.155052] tty ttyS20: hash matches
[   15.155863] rtc_cmos rtc_cmos: setting system clock to 2017-04-13 18:31:52 UTC (1492108312)
[   15.157464] BIOS EDD facility v0.16 2004-Jun-25, 0 devices found
[   15.158504] EDD information not available.
[   15.160793] Freeing unused kernel memory: 1484K (ffffffff81f45000 - ffffffff820b8000)
[   15.162199] Write protecting the kernel read-only data: 14336k
[   15.163899] Freeing unused kernel memory: 1776K (ffff880001844000 - ffff880001a00000)
[   15.165685] Freeing unused kernel memory: 120K (ffff880001de2000 - ffff880001e00000)
Loading, please wait...
starting version[   15.178895] random: systemd-udevd: uninitialized urandom read (16 bytes read, 2 bits of entropy available)
 229
[   15.179544] random: udevadm: uninitialized urandom read (16 bytes read, 2 bits of entropy available)
[   15.179586] random: udevadm: uninitialized urandom read (16 bytes read, 2 bits of entropy available)
[   15.179794] random: udevadm: uninitialized urandom read (16 bytes read, 2 bits of entropy available)
[   15.179849] random: udevadm: uninitialized urandom read (16 bytes read, 2 bits of entropy available)
[   15.179901] random: udevadm: uninitialized urandom read (16 bytes read, 2 bits of entropy available)
[   15.179957] random: udevadm: uninitialized urandom read (16 bytes read, 2 bits of entropy available)
[   15.180007] random: udevadm: uninitialized urandom read (16 bytes read, 2 bits of entropy available)
[   15.180056] random: udevadm: uninitialized urandom read (16 bytes read, 2 bits of entropy available)
[   15.180110] random: udevadm: uninitialized urandom read (16 bytes read, 2 bits of entropy available)
[   17.225584] e1000: Intel(R) PRO/1000 Network Driver - version 7.3.21-k8-NAPI
[   17.242975] e1000: Copyright (c) 1999-2006 Intel Corporation.
[   17.248812] Fusion MPT base driver 3.04.20
[   17.251288] Copyright (c) 1999-2008 LSI Corporation
[   17.257583] Fusion MPT SPI Host driver 3.04.20
[   17.264064] AVX version of gcm_enc/dec engaged.
[   17.408866] AES CTR mode by8 optimization enabled
[   17.460166] input: ImExPS/2 Generic Explorer Mouse as /devices/platform/i8042/serio1/input/input4
[   17.619607] e1000 0000:00:03.0 eth0: (PCI:33MHz:32-bit) 02:7f:8e:b9:3d:b3
[   17.619612] e1000 0000:00:03.0 eth0: Intel(R) PRO/1000 Network Connection
[   17.642274] mptbase: ioc0: Initiating bringup
[   17.714470] ioc0: LSI53C1030 A0: Capabilities={Initiator}
[   17.902006] scsi host2: ioc0: LSI53C1030 A0, FwRev=00000000h, Ports=1, MaxQ=256, IRQ=20
[   17.927479] e1000 0000:00:03.0 enp0s3: renamed from eth0
[   18.030544] scsi 2:0:0:0: Direct-Access     VBOX     HARDDISK         1.0  PQ: 0 ANSI: 5
[   18.283670] scsi target2:0:0: Beginning Domain Validation
[   18.383990] scsi target2:0:0: Domain Validation skipping write tests
[   18.574762] scsi target2:0:0: Ending Domain Validation
[   18.728737] scsi target2:0:0: asynchronous
[   18.851728] scsi 2:0:1:0: Direct-Access     VBOX     HARDDISK         1.0  PQ: 0 ANSI: 5
[   19.093059] scsi target2:0:1: Beginning Domain Validation
[   19.256831] scsi target2:0:1: Domain Validation skipping write tests
[   19.340551] scsi target2:0:1: Ending Domain Validation
[   19.341545] scsi target2:0:1: asynchronous
[   19.348675] sd 2:0:0:0: Attached scsi generic sg0 type 0
[   19.348678] sd 2:0:0:0: [sda] 20971520 512-byte logical blocks: (10.7 GB/10.0 GiB)
[   19.348901] sd 2:0:0:0: [sda] Write Protect is off
[   19.349034] sd 2:0:0:0: [sda] Incomplete mode parameter data
[   19.349035] sd 2:0:0:0: [sda] Assuming drive cache: write through
[   19.457996]  sda: sda1
[   19.459298] sd 2:0:0:0: [sda] Attached SCSI disk
[   19.583275] sd 2:0:1:0: Attached scsi generic sg1 type 0
[   19.583494] sd 2:0:1:0: [sdb] 20480 512-byte logical blocks: (10.5 MB/10.0 MiB)
[   19.583832] sd 2:0:1:0: [sdb] Write Protect is off
[   19.583959] sd 2:0:1:0: [sdb] Incomplete mode parameter data
[   19.583960] sd 2:0:1:0: [sdb] Assuming drive cache: write through
[   19.623414] sd 2:0:1:0: [sdb] Attached SCSI disk
[   20.281912] floppy0: no floppy controllers found
Begin: Loading e[   22.101409] md: linear personality registered for level -1
ssential drivers[   22.282061] md: multipath personality registered for level -4
 ... [   22.550766] md: raid0 personality registered for level 0
[   22.762439] md: raid1 personality registered for level 1
[   22.989767] raid6: sse2x1   gen()  7909 MB/s
[   23.181766] raid6: sse2x1   xor()  6155 MB/s
[   23.373758] raid6: sse2x2   gen()  9912 MB/s
[   23.565765] raid6: sse2x2   xor()  7096 MB/s
[   23.737769] raid6: sse2x4   gen() 11375 MB/s
[   23.929765] raid6: sse2x4   xor()  8456 MB/s
[   24.056162] raid6: using algorithm sse2x4 gen() 11375 MB/s
[   24.121064] raid6: .... xor() 8456 MB/s, rmw enabled
[   24.121924] raid6: using ssse3x2 recovery algorithm
[   24.124710] xor: automatically using best checksumming function:
[   24.187452]    avx       : 40737.000 MB/sec
[   24.189807] async_tx: api initialized (async)
[   24.198412] md: raid6 personality registered for level 6
[   24.199327] md: raid5 personality registered for level 5
[   24.201264] md: raid4 personality registered for level 4
[   24.207743] md: raid10 personality registered for level 10
done.
Begin: Running /scripts/init-premount ... done.
Begin: Mounting root file system ... Begin: Running /scripts/local-top ... done.
Begin: Running /scripts/local-premount ... [   24.242275] Btrfs loaded
Scanning for Btrfs filesystems
done.
Warning: fsck no[   24.419942] EXT4-fs (sda1): mounted filesystem with ordered data mode. Opts: (null)
t present, so skipping root file system
done.
Begin: Running /scripts/local-bottom ... done.
Begin: Running /scripts/init-bottom ... done.
[   25.120211] systemd[1]: systemd 229 running in system mode. (+PAM +AUDIT +SELINUX +IMA +APPARMOR +SMACK +SYSVINIT +UTMP +LIBCRYPTSETUP +GCRYPT +GNUTLS +ACL +XZ -LZ4 +SECCOMP +BLKID +ELFUTILS +KMOD -IDN)
[   26.132143] systemd[1]: Detected virtualization oracle.
[   26.133068] systemd[1]: Detected architecture x86-64.

Welcome to [1mUbuntu 16.04.2 LTS[0m!

[   26.190338] systemd[1]: Set hostname to <ubuntu>.
[   26.235879] systemd[1]: Initializing machine ID from random generator.
[   26.237231] systemd[1]: Installed transient /etc/machine-id file.
[   26.940797] random: nonblocking pool is initialized
[   27.390264] systemd[1]: Listening on LVM2 metadata daemon socket.
[[0;32m  OK  [0m] Listening on LVM2 metadata daemon socket.
[   27.573944] systemd[1]: Reached target Swap.
[[0;32m  OK  [0m] Reached target Swap.
[   27.993318] systemd[1]: Listening on /dev/initctl Compatibility Named Pipe.
[[0;32m  OK  [0m] Listening on /dev/initctl Compatibility Named Pipe.
[   28.012578] systemd[1]: Listening on udev Control Socket.
[[0;32m  OK  [0m] Listening on udev Control Socket.
[   28.015713] systemd[1]: Created slice User and Session Slice.
[[0;32m  OK  [0m] Created slice User and Session Slice.
[   28.017561] systemd[1]: Listening on Device-mapper event daemon FIFOs.
[[0;32m  OK  [0m] Listening on Device-mapper event daemon FIFOs.
[   28.651132] systemd[1]: Reached target Encrypted Volumes.
[[0;32m  OK  [0m] Reached target Encrypted Volumes.
[   28.652971] systemd[1]: Listening on Journal Audit Socket.
[[0;32m  OK  [0m] Listening on Journal Audit Socket.
[   28.654815] systemd[1]: Listening on Journal Socket (/dev/log).
[[0;32m  OK  [0m] Listening on Journal Socket (/dev/log).
[   28.656694] systemd[1]: Listening on LVM2 poll daemon socket.
[[0;32m  OK  [0m] Listening on LVM2 poll daemon socket.
[   28.658569] systemd[1]: Listening on Syslog Socket.
[[0;32m  OK  [0m] Listening on Syslog Socket.
[   28.660239] systemd[1]: Started Forward Password Requests to Wall Directory Watch.
[[0;32m  OK  [0m] Started Forward Password Requests to Wall Directory Watch.
[   28.662801] systemd[1]: Set up automount Arbitrary Executable File Formats File System Automount Point.
[[0;32m  OK  [0m] Set up automount Arbitrary Executab...ats File System Automount Point.
[   28.665747] systemd[1]: Created slice System Slice.
[[0;32m  OK  [0m] Created slice System Slice.
[   28.709505] systemd[1]: Created slice system-serial\x2dgetty.slice.
[[0;32m  OK  [0m] Created slice system-serial\x2dgetty.slice.
[   28.711696] systemd[1]: Reached target Slices.
[[0;32m  OK  [0m] Reached target Slices.
[   28.713573] systemd[1]: Listening on Journal Socket.
[[0;32m  OK  [0m] Listening on Journal Socket.
[   28.729935] systemd[1]: Starting Set console keymap...
         Starting Set console keymap...
[   28.873883] systemd[1]: Starting Remount Root and Kernel File Systems...
[   28.890556] EXT4-fs (sda1): re-mounted. Opts: (null)
         Starting Remount Root and Kernel File Systems...
[   28.950988] systemd[1]: Mounting Debug File System...
         Mounting Debug File System...
[   28.953344] systemd[1]: Mounting Huge Pages File System...
         Mounting Huge Pages File System...
[   28.964358] systemd[1]: Starting Load Kernel Modules...
         Startin[   29.010303] Loading iSCSI transport class v2.0-870.
g Load Kernel Modules...
[   29.011935] systemd[1]: Mounting POSIX Message Queue File System...
         Mounting POSIX Message Queue File System...
[   29.014419] systemd[1]: Starting Journal Service...
         Starting Journal Service...
[   29.017271] systemd[1]: Starting Nameserver information manager...
         Starting Nameserver information manager...
[   29.033144] iscsi: registered transport (tcp)
[   29.154059] systemd[1]: Starting Monitoring of LVM2 mirrors, snapshots etc. using dmeventd or progress polling...
         Starting Monitoring of LVM2 mirrors... dmeventd or progress polling...
[   29.449968] systemd[1]: Starting Uncomplicated firewall...
[   29.726399] iscsi: registered transport (iser)
         Starting Uncomplicated firewall...
[   29.925971] systemd[1]: Starting Create list of required static device nodes for the current kernel...
         Starting Create list of required st... nodes for the current kernel...
[   30.159797] systemd[1]: Listening on udev Kernel Socket.
[[0;32m  OK  [0m] Listening on udev Kernel Socket.
[   30.209522] systemd[1]: Reached target User and Group Name Lookups.
[[0;32m  OK  [0m] Reached target User and Group Name Lookups.
[   30.221159] systemd[1]: Mounted Huge Pages File System.
[[0;32m  OK  [0m] Mounted Huge Pages File System.
[   30.223051] systemd[1]: Mounted Debug File System.
[[0;32m  OK  [0m] Mounted Debug File System.
[   30.225440] systemd[1]: Mounted POSIX Message Queue File System.
[[0;32m  OK  [0m] Mounted POSIX Message Queue File System.
[   30.309260] systemd[1]: Started Journal Service.
[[0;32m  OK  [0m] Started Journal Service.
[[0;32m  OK  [0m] Started Set console keymap.
[[0;32m  OK  [0m] Started Remount Root and Kernel File Systems.
[[0;32m  OK  [0m] Started Load Kernel Modules.
[[0;32m  OK  [0m] Started Uncomplicated firewall.
[[0;32m  OK  [0m] Started Create list of required sta...ce nodes for the current kernel.
[[0;32m  OK  [0m] Started Nameserver information manager.
[[0;32m  OK  [0m] Started LVM2 metadata daemon.
         Starting Create Static Device Nodes in /dev...
         Mounting FUSE Control File System...
         Starting Apply Kernel Variables...
         Starting udev Coldplug all Devices...
         Starting Initial cloud-init job (pre-networking)...
         Starting Load/Save Random Seed...
         Starting Flush Journal to Persistent Storage...
[[0;32m  OK  [0m] Mounted FUSE Control File System.
[[0;32m  OK  [0m] Started Create Static Device Nodes in /dev.
[[0;32m  OK  [0m] Started Apply Kernel Variables.
[[0;32m  OK  [0m] Started Monitoring of LVM2 mirrors,...ng dmeventd or progress polling.
[[0;32m  OK  [0m] Started Load/Save Random Seed.
[[0;32m  OK  [0m] Started udev Coldplug all Devices.
         Starting udev Kernel Device Manager...
[[0;32m  OK  [0m] Started Flush Journal to Persistent Storage.
[[0;32m  OK  [0m] Started udev Kernel Device Manager.
[[0;32m  OK  [0m] Reached target Local File Systems (Pre).
[[0;32m  OK  [0m] Reached target Local File Systems.
         Starting Tell Plymouth To Write Out Runtime Data...
         Starting Set console font and keymap...
         Starting Commit a transient machine-id on disk...
         Starting LSB: AppArmor initialization...
         Starting Create Volatile Files and Directories...
[[0;32m  OK  [0m] Started Dispatch Password Requests to Console Directory Watch.
[[0;32m  OK  [0m] Started Tell Plymouth To Write Out Runtime Data.
[[0;32m  OK  [0m] Started Commit a transient machine-id on disk.
[[0;32m  OK  [0m] Found device /dev/ttyS0.
[[0;32m  OK  [0m] Started Create Volatile Files and Directories.
         Starting Update UTMP about System Boot/Shutdown...
[[0;32m  OK  [0m] Reached target System Time Synchronized.
[[0;32m  OK  [0m] Started Update UTMP about System Boot/Shutdown.
[[0;32m  OK  [0m] Listening on Load/Save RF Kill Switch Status /dev/rfkill Watch.
[[0;32m  OK  [0m] Started LSB: AppArmor initialization.
[[0;32m  OK  [0m] Started Set console font and keymap.
[[0;32m  OK  [0m] Created slice system-getty.slice.
[   27.066549] cloud-init[469]: Cloud-init v. 0.7.9 running 'init-local' at Thu, 13 Apr 2017 18:32:11 +0000. Up 26.66 seconds.
[[0;32m  OK  [0m] Started Initial cloud-init job (pre-networking).
[[0;32m  OK  [0m] Reached target Network (Pre).
         Starting Raise network interfaces...
[[0;32m  OK  [0m] Started Raise network interfaces.
         Starting Initial cloud-init job (metadata service crawler)...
[[0;32m  OK  [0m] Reached target Network.
[   29.057442] cloud-init[959]: Cloud-init v. 0.7.9 running 'init' at Thu, 13 Apr 2017 18:32:12 +0000. Up 27.87 seconds.
[   29.108683] cloud-init[959]: ci-info: +++++++++++++++++++++++++++++++++++++Net device info++++++++++++++++++++++++++++++++++++++
[   29.192619] cloud-init[959]: ci-info: +--------+------+----------------------------+---------------+-------+-------------------+
[[0;32m  OK  [0m] Started Initial cloud-init job (metadata service crawler).
[[0;32m  OK  [0m] Reached target Network is Online.
[   29.267729] cloud-init[959]: ci-info: | Device |  Up  |          Address           |      Mask     | Scope |     Hw-Address    |
[   29.440544]          cloud-initStarting iSCSI initiator daemon (iscsid)...[959]: 
ci-info: +--------+------+----------------------------+---------------+-------+-------------------+
[   29.556552] [cloud-init[0;32m  OK  [0m[959]: ] ci-info: |   lo   | True |         127.0.0.1          |   255.0.0.0   |   .   |         .         |Reached target Cloud-config availability.

[[   29.557226] [0;32m  OK  [0mcloud-init] [959]: Reached target System Initialization.ci-info: |   lo   | True |          ::1/128           |       .       |  host |         .         |

[   29.800634] [cloud-init[0;32m  OK  [0m[959]: ] ci-info: | enp0s3 | True |         10.0.2.15          | 255.255.255.0 |   .   | 02:7f:8e:b9:3d:b3 |Listening on D-Bus System Message Bus Socket.

[[   29.801334] [0;32m  OK  [0mcloud-init] [959]: Started Daily apt activities.ci-info: | enp0s3 | True | fe80::7f:8eff:feb9:3db3/64 |       .       |  link | 02:7f:8e:b9:3d:b3 |

[   29.951738] [cloud-init[0;32m  OK  [0m[959]: ] ci-info: +--------+------+----------------------------+---------------+-------+-------------------+Listening on UUID daemon activation socket.

[   29.952108] cloud-init[959]: ci-info: +++++++++++++++++++++++++++Route IPv4 info++++++++++++++++++++++++++++
[   29.956095]          cloud-initStarting Socket activation for snappy daemon.[959]: 
ci-info: +-------+-------------+----------+---------------+-----------+-------+
[   29.979519] [cloud-init[0;32m  OK  [0m[959]: ] ci-info: | Route | Destination | Gateway  |    Genmask    | Interface | Flags |Started Trigger resolvconf update for networkd DNS.

[   29.979839] cloud-init[959]: ci-info: +-------+-------------+----------+---------------+-----------+-------+
[   30.112176]          cloud-initStarting LXD - unix socket.[959]: 
ci-info: |   0   |   0.0.0.0   | 10.0.2.2 |    0.0.0.0    |   enp0s3  |   UG  |
[   30.152024] [cloud-init[0;32m  OK  [0m[959]: ] ci-info: |   1   |   10.0.2.0  | 0.0.0.0  | 255.255.255.0 |   enp0s3  |   U   |Started Daily Cleanup of Temporary Directories.

[[   30.152389] [0;32m  OK  [0m] Listening on ACPID Listen Socket.
cloud-init[959]: ci-info: +-------+-------------+----------+---------------+-----------+-------+
[   30.181742] [cloud-init[0;32m  OK  [0m[959]: ] Generating public/private rsa key pair.Started Timer to automatically refresh installed snaps.

[[   30.182038] [0;32m  OK  [0mcloud-init] [959]: Reached target Timers.Your identification has been saved in /etc/ssh/ssh_host_rsa_key.

[   30.288586] [cloud-init[0;32m  OK  [0m[959]: ] Your public key has been saved in /etc/ssh/ssh_host_rsa_key.pub.Started ACPI Events Check.

[[   30.289116] [0;32m  OK  [0mcloud-init] [959]: Reached target Paths.The key fingerprint is:

[   30.440401] [cloud-init[0;32m  OK  [0m[959]: ] SHA256:C/ewwDKWdMp8F562LLQMrsylGTg1QU0z4foJXV6RB+0 root@ubuntu-xenialListening on Socket activation for snappy daemon.

[[   30.440755] [0;32m  OK  [0mcloud-init] [959]: Listening on LXD - unix socket.The key's randomart image is:

[   30.616514] [cloud-init[0;32m  OK  [0m[959]: ] +---[RSA 2048]----+Started iSCSI initiator daemon (iscsid).

[   30.617207] cloud-init[959]: |  .o=.  o+       |
[   30.647515] cloud-init[959]: | . ..o  ..o      |
[   30.651156] cloud-init[959]: |  . o o oo       |
[   30.652832] cloud-init[959]: |   B B o oE      |
[   30.654636] cloud-init[959]: |  = @ B S        |
[   30.656207] cloud-init[959]: | o * O O *       |
[   30.657675] cloud-init[959]: |o . = + = .      |
[   30.659082] cloud-init[959]: | + *   .         |
[   30.660481] cloud-init[959]: |  *              |
[   30.672556]          cloud-initStarting Login to default iSCSI targets...[959]: 
+----[SHA256]-----+
[   30.674350] [cloud-init[0;32m  OK  [0m[959]: ] Generating public/private dsa key pair.Reached target Sockets.

[[   30.674785] [0;32m  OK  [0mcloud-init] [959]: Reached target Basic System.Your identification has been saved in /etc/ssh/ssh_host_dsa_key.

[   30.692446]          cloud-initStarting System Logging Service...[959]: 
Your public key has been saved in /etc/ssh/ssh_host_dsa_key.pub.
[   30.752337]          cloud-initStarting Apply the settings specified in cloud-config...[959]: 
The key fingerprint is:
[   30.820380] [cloud-init[0;32m  OK  [0m[959]: ] SHA256:4ZetCIxtH8okY6vA85vn3TxyBdrgh+TVGiWT8TzRGoY root@ubuntu-xenialStarted ACPI event daemon.

[   30.820614] cloud-init[959]: The key's randomart image is:
[   30.944398]          cloud-initStarting LXD - container startup/shutdown...[959]: 
+---[DSA 1024]----+
[   30.984362]          cloud-initStarting LSB: MD monitoring daemon...[959]: 
|         .+..    |
[   31.035020]          cloud-initStarting LSB: Record successful boot for GRUB...[959]: 
|         Eo+..   |
[   31.056379]          cloud-initStarting Login Service...[959]: 
|        . *+o    |
[   31.078545]          cloud-initStarting Accounts Service...[959]: 
|     + + = =.    |
[   31.104302]          cloud-initStarting /etc/rc.local Compatibility...[959]: 
|    = X S * .    |
[   31.107766] [cloud-init[0;32m  OK  [0m[959]: ] |.  . B O B o     |Started Regular background program processing daemon.

[   31.108085] cloud-init[959]: |.o  . o + o      |
[   31.110018] [cloud-init[0;32m  OK  [0m[959]: ] | .o.....oo       |Started FUSE filesystem for LXC.

[   31.110266] cloud-init[959]: |  .++. .oo.      |
[   31.112098] [cloud-init[0;32m  OK  [0m[959]: ] +----[SHA256]-----+Started Deferred execution scheduler.

[   31.112322] cloud-init[959]: Generating public/private ecdsa key pair.
[   31.116627] cloud-init[959]: Your identification has been saved in /etc/ssh/ssh_host_ecdsa_key.
[   31.117967] cloud-init[959]: Your public key has been saved in /etc/ssh/ssh_host_ecdsa_key.pub.
[   31.119210] cloud-init[959]: The key fingerprint is:
[   31.120108] cloud-init[959]: SHA256:sysiIIpIyCjwqsGqWs2Pg2NnLikYtFuPKbaBn/hK4F0 root@ubuntu-xenial
[   31.121360] cloud-init[959]: The key's randomart image is:
[   31.149341] cloud-init[959]: +---[ECDSA 256]---+
[   31.166976] cloud-init[959]: |                 |
[   31.168071] cloud-init[959]: |                 |
[   31.169069] cloud-init[959]: |                 |
[   31.169976] cloud-init[959]: |..               |
[   31.170814] cloud-init[959]: |B..  E  S        |
[   31.171665] cloud-init[959]: |%+o+.    o       |
[   31.172525] cloud-init[959]: |@O++*   .        |
[   31.173373] cloud-init[959]: |XOO+=+.  .       |
[   31.174218] cloud-init[959]: |%**Boo...        |
[   31.175104] cloud-init[959]: +----[SHA256]-----+
[   31.175965] cloud-init[959]: Generating public/private ed25519 key pair.
[   31.177079] cloud-init[959]: Your identification has been saved in /etc/ssh/ssh_host_ed25519_key.
[   31.178302] cloud-init[959]: Your public key has been saved in /etc/ssh/ssh_host_ed25519_key.pub.
[   31.179529] cloud-init[959]: The key fingerprint is:
         Starting Pollinate to seed the pseudo random number generator...
[   31.180422] cloud-init[959]: SHA256:ctM6Hv5sHD5SyR3LszyRAo6eAW1mVyhQt9WURLqUpN4 root@ubuntu-xenial
[   31.184413] [cloud-init[0;32m  OK  [0m[959]: ] The key's randomart image is:Started D-Bus System Message Bus.

[   31.184704] cloud-init[959]: +--[ED25519 256]--+
[   31.186549] cloud-init[959]: |    .o. ..o=+.   |
[   31.204328] cloud-init[959]: |      ...=.oo    |
[   31.226729] cloud-init[959]: |     . .o.+      |
[   31.227616] cloud-init[959]: |    . =.o+ ..    |
[   31.228499] cloud-init[959]: |     =.+SoE+ +   |
[   31.229338] cloud-init[959]: |      oo.o* B    |
[   31.230185] cloud-init[959]: |     . o++ + +   |
[   31.252352] cloud-init[959]: |      oo.+= +    |
[   31.292544] cloud-init[959]: |        o+o. .   |
[   31.332422] cloud-init[959]: +----[SHA256]-----+
[   31.465434] cloud-init[1057]: Generating locales (this might take a while)...
[[0;32m  OK  [0m] Started Snappy daemon.
         Starting Auto import assertions from block devices...
[[0;32m  OK  [0m] Started System Logging Service.
[[0;32m  OK  [0m] Started /etc/rc.local Compatibility.
[[0;32m  OK  [0m] Started Auto import assertions from block devices.
[[0;32m  OK  [0m] Started Login Service.
         Starting Authenticate and Authorize Users to Run Privileged Tasks...
[[0;32m  OK  [0m] Started LSB: Record successful boot for GRUB.
[[0;32m  OK  [0m] Started Login to default iSCSI targets.
[[0;32m  OK  [0m] Reached target Remote File Systems (Pre).
[[0;32m  OK  [0m] Reached target Remote File Systems.
         Starting LSB: Set the CPU Frequency Scaling governor to "ondemand"...
         Starting Permit User Sessions...
         Starting LSB: automatic crash report generation...
         Starting LSB: daemon to balance interrupts for SMP systems...
         Starting LSB: VirtualBox Linux Additions...
[[0;32m  OK  [0m] Started LSB: MD monitoring daemon.
[[0;32m  OK  [0m] Started Authenticate and Authorize Users to Run Privileged Tasks.
[[0;32m  OK  [0m] Started Accounts Service.
[[0;32m  OK  [0m] Started LSB: Set the CPU Frequency Scaling governor to "ondemand".
[[0;32m  OK  [0m] Started LSB: daemon to balance interrupts for SMP systems.
[[0;32m  OK  [0m] Started Permit User Sessions.
         Starting Terminate Plymouth Boot Screen...
         Starting Hold until boot process finishes up...
[[0;32m  OK  [0m] Started LSB: automatic crash report generation.
[[0;32m  OK  [0m] Started LXD - container startup/shutdown.
[[0;32m  OK  [0m] Started Terminate Plymouth Boot Screen.
[[0;32m  OK  [0m] Started Hold until boot process finishes up.
[[0;32m  OK  [0m] Started Serial Getty on ttyS0.
         Starting Set console scheme...
[[0;32m  OK  [0m] Started Getty on tty1.
[[0;32m  OK  [0m] Reached target Login Prompts.
[[0;32m  OK  [0m] Started Set console scheme.
[[0;32m  OK  [0m] Started LSB: VirtualBox Linux Additions.
[   33.453535] cloud-init[1057]:   en_US.UTF-8... done
[   33.468314] cloud-init[1057]: Generation complete.
[[0;32m  OK  [0m] Stopped OpenBSD Secure Shell server.
         Starting OpenBSD Secure Shell server...
[[0;32m  OK  [0m] Started OpenBSD Secure Shell server.
[[0;32m  OK  [0m] Started Pollinate to seed the pseudo random number generator.
[[0;32m  OK  [0m] Reached target Multi-User System.
[[0;32m  OK  [0m] Reached target Graphical Interface.
         Starting Update UTMP about System Runlevel Changes...
[[0;32m  OK  [0m] Started Update UTMP about System Runlevel Changes.
[   34.760156] cloud-init[1057]: Cloud-init v. 0.7.9 running 'modules:config' at Thu, 13 Apr 2017 18:32:16 +0000. Up 31.00 seconds.
[[0;32m  OK  [0m] Started Apply the settings specified in cloud-config.
         Starting Execute cloud user/final scripts...
[[0;32m  OK  [0m] Created slice User Slice of ubuntu.
         Starting User Manager for UID 1000...
[[0;32m  OK  [0m] Started Session 1 of user ubuntu.
[[0;32m  OK  [0m] Started User Manager for UID 1000.
ci-info: no authorized ssh keys fingerprints found for user ubuntu.
<14>Apr 13 18:32:20 ec2: 
<14>Apr 13 18:32:20 ec2: #############################################################
<14>Apr 13 18:32:20 ec2: -----BEGIN SSH HOST KEY FINGERPRINTS-----
<14>Apr 13 18:32:20 ec2: 1024 SHA256:4ZetCIxtH8okY6vA85vn3TxyBdrgh+TVGiWT8TzRGoY root@ubuntu-xenial (DSA)
<14>Apr 13 18:32:20 ec2: 256 SHA256:sysiIIpIyCjwqsGqWs2Pg2NnLikYtFuPKbaBn/hK4F0 root@ubuntu-xenial (ECDSA)
<14>Apr 13 18:32:20 ec2: 256 SHA256:ctM6Hv5sHD5SyR3LszyRAo6eAW1mVyhQt9WURLqUpN4 root@ubuntu-xenial (ED25519)
<14>Apr 13 18:32:20 ec2: 2048 SHA256:C/ewwDKWdMp8F562LLQMrsylGTg1QU0z4foJXV6RB+0 root@ubuntu-xenial (RSA)
<14>Apr 13 18:32:20 ec2: -----END SSH HOST KEY FINGERPRINTS-----
<14>Apr 13 18:32:20 ec2: #############################################################
-----BEGIN SSH HOST KEY KEYS-----
ecdsa-sha2-nistp256 AAAAE2VjZHNhLXNoYTItbmlzdHAyNTYAAAAIbmlzdHAyNTYAAABBBODn17UG6JPszFATKodLBjk04WEqvIDZyyfM1y/v/LInbMPjXWz+D6qP7fo99ErfOli8r/hEPp9ADmcyWdy8BcE= root@ubuntu-xenial
ssh-ed25519 AAAAC3NzaC1lZDI1NTE5AAAAIMHXqxKc32Lg+h0MI6UjF9CI1CWItxRVjss8JYBhilje root@ubuntu-xenial
ssh-rsa AAAAB3NzaC1yc2EAAAADAQABAAABAQDecbkCuVccOuSQZPGB/UYiXMwL7Z1il1pDB198vRyt29GCzw5KNrVlCQbHNtYFiueTGqkUtvTnonoWFNn+MJvfo4tJmQHJr3kFTyx66BQe2Uz5IUFF1L1KEhO7hlMLpPSguWnsEw0JB7yLG0eFIlPg2xon9Ll99tsD8fVc/WNPHVJkKRbvDcY7ra+P9Y89fM52ubFyyYw7c55UmzJqaVgLo+uox9a/U2pshxgF9HyvW3FLy0EQrTQ3bz7+CfahkImpFKuKeeqrjM8b8B4a41TJ5QM6IdVBz5QszDd7N3b/moi2MlQW8UmDALAJpzrI7wzUDA5QatetAafNKxfTFn6V root@ubuntu-xenial
-----END SSH HOST KEY KEYS-----
[   35.499967] cloud-init[1317]: Cloud-init v. 0.7.9 running 'modules:final' at Thu, 13 Apr 2017 18:32:20 +0000. Up 35.13 seconds.
[   35.576581] [cloud-init[0;32m  OK  [0m[1317]: ] ci-info: no authorized ssh keys fingerprints found for user ubuntu.Started Execute cloud user/final scripts.

[   35.576789] cloud-init[1317]: Cloud-init v. 0.7.9 finished at Thu, 13 Apr 2017 18:32:20 +0000. Datasource DataSourceNoCloud [seed=/dev/sdb][dsmode=net].  Up 35.49 seconds
[[0;32m  OK  [0m] Reached target Cloud-init target.

Ubuntu 16.04.2 LTS ubuntu-xenial ttyS0

ubuntu-xenial login: 